<?xml version="1.0" encoding="UTF-8"?>
<!-- Generated by org.testng.reporters.JUnitXMLReporter -->
<testsuite hostname="Menys-MacBook-Pro.local" name="Sanity Tests" tests="6" failures="0" timestamp="23 Oct 2017 11:21:27 GMT" time="1.003" errors="0">
  <testcase name="@BeforeSuite setupBeforeSuite" time="0.0" classname="Native.SanityIos">
    <failure type="java.lang.NullPointerException">
      <![CDATA[java.lang.NullPointerException
	at Native.IosMethods.setCapabilitiesIos(IosMethods.java:152)
	at Native.SanityIos.setupBeforeSuite(SanityIos.java:70)
... Removed 18 stack frames]]>
    </failure>
  </testcase> <!-- @BeforeSuite setupBeforeSuite -->
  <testcase name="EmployeeDirectory_Person" time="0.002" classname="Native.SanityIos">
    <skipped/>
  </testcase> <!-- EmployeeDirectory_Person -->
  <testcase name="Grid_AdvancedColumns" time="0.001" classname="Native.SanityIos">
    <skipped/>
  </testcase> <!-- Grid_AdvancedColumns -->
  <testcase name="List_Regular_AdvancedColumns" time="0.001" classname="Native.SanityIos">
    <skipped/>
  </testcase> <!-- List_Regular_AdvancedColumns -->
  <testcase name="environmentsScreen" time="0.001" classname="Native.SanityIos">
    <skipped/>
  </testcase> <!-- environmentsScreen -->
  <testcase name="logins_BadCredentials" time="0.001" classname="Native.SanityIos">
    <skipped/>
  </testcase> <!-- logins_BadCredentials -->
  <testcase name="param_Report_AllDataTypes" time="0.001" classname="Native.SanityIos">
    <skipped/>
  </testcase> <!-- param_Report_AllDataTypes -->
</testsuite> <!-- Sanity Tests -->
