<?xml version="1.0" encoding="UTF-8"?>
<testng-results skipped="6" failed="0" total="6" passed="0">
  <reporter-output>
  </reporter-output>
  <suite name="Suite" duration-ms="1003" started-at="2017-10-23T11:21:26Z" finished-at="2017-10-23T11:21:27Z">
    <groups>
      <group name="Sanity IOS">
        <method signature="SanityIos.EmployeeDirectory_Person()[pri:0, instance:Native.SanityIos@757acd7b]" name="EmployeeDirectory_Person" class="Native.SanityIos"/>
        <method signature="SanityIos.Grid_AdvancedColumns()[pri:0, instance:Native.SanityIos@757acd7b]" name="Grid_AdvancedColumns" class="Native.SanityIos"/>
        <method signature="SanityIos.List_Regular_AdvancedColumns()[pri:0, instance:Native.SanityIos@757acd7b]" name="List_Regular_AdvancedColumns" class="Native.SanityIos"/>
        <method signature="SanityIos.environmentsScreen()[pri:0, instance:Native.SanityIos@757acd7b]" name="environmentsScreen" class="Native.SanityIos"/>
        <method signature="SanityIos.logins_BadCredentials()[pri:0, instance:Native.SanityIos@757acd7b]" name="logins_BadCredentials" class="Native.SanityIos"/>
        <method signature="SanityIos.param_Report_AllDataTypes()[pri:0, instance:Native.SanityIos@757acd7b]" name="param_Report_AllDataTypes" class="Native.SanityIos"/>
      </group> <!-- Sanity IOS -->
    </groups>
    <test name="Sanity Tests" duration-ms="1003" started-at="2017-10-23T11:21:26Z" finished-at="2017-10-23T11:21:27Z">
      <class name="Native.SanityIos">
        <test-method status="FAIL" signature="setupBeforeSuite(org.testng.ITestContext)[pri:0, instance:Native.SanityIos@757acd7b]" name="setupBeforeSuite" is-config="true" duration-ms="0" started-at="2017-10-23T14:21:21Z" finished-at="2017-10-23T14:21:21Z">
          <params>
            <param index="0">
              <value>
                <![CDATA[org.testng.TestRunner@1d2bd371]]>
              </value>
            </param>
          </params>
          <exception class="java.lang.NullPointerException">
            <full-stacktrace>
              <![CDATA[java.lang.NullPointerException
	at Native.IosMethods.setCapabilitiesIos(IosMethods.java:152)
	at Native.SanityIos.setupBeforeSuite(SanityIos.java:70)
	at sun.reflect.NativeMethodAccessorImpl.invoke0(Native Method)
	at sun.reflect.NativeMethodAccessorImpl.invoke(NativeMethodAccessorImpl.java:62)
	at sun.reflect.DelegatingMethodAccessorImpl.invoke(DelegatingMethodAccessorImpl.java:43)
	at java.lang.reflect.Method.invoke(Method.java:498)
	at org.testng.internal.MethodInvocationHelper.invokeMethod(MethodInvocationHelper.java:85)
	at org.testng.internal.Invoker.invokeConfigurationMethod(Invoker.java:510)
	at org.testng.internal.Invoker.invokeConfigurations(Invoker.java:211)
	at org.testng.internal.Invoker.invokeConfigurations(Invoker.java:138)
	at org.testng.SuiteRunner.privateRun(SuiteRunner.java:298)
	at org.testng.SuiteRunner.run(SuiteRunner.java:261)
	at org.testng.SuiteRunnerWorker.runSuite(SuiteRunnerWorker.java:52)
	at org.testng.SuiteRunnerWorker.run(SuiteRunnerWorker.java:86)
	at org.testng.TestNG.runSuitesSequentially(TestNG.java:1215)
	at org.testng.TestNG.runSuitesLocally(TestNG.java:1140)
	at org.testng.TestNG.run(TestNG.java:1048)
	at org.testng.remote.AbstractRemoteTestNG.run(AbstractRemoteTestNG.java:114)
	at org.testng.remote.RemoteTestNG.initAndRun(RemoteTestNG.java:251)
	at org.testng.remote.RemoteTestNG.main(RemoteTestNG.java:77)
]]>
            </full-stacktrace>
          </exception> <!-- java.lang.NullPointerException -->
          <reporter-output>
          </reporter-output>
        </test-method> <!-- setupBeforeSuite -->
        <test-method status="PASS" signature="checkHomeScreen()[pri:0, instance:Native.SanityIos@757acd7b]" name="checkHomeScreen" is-config="true" duration-ms="157" started-at="2017-10-23T14:21:26Z" finished-at="2017-10-23T14:21:27Z">
          <reporter-output>
          </reporter-output>
        </test-method> <!-- checkHomeScreen -->
        <test-method status="SKIP" signature="EmployeeDirectory_Person()[pri:0, instance:Native.SanityIos@757acd7b]" name="EmployeeDirectory_Person" duration-ms="2" started-at="2017-10-23T14:21:27Z" description="environmentsScreen" finished-at="2017-10-23T14:21:27Z">
          <reporter-output>
          </reporter-output>
        </test-method> <!-- EmployeeDirectory_Person -->
        <test-method status="PASS" signature="checkHomeScreen()[pri:0, instance:Native.SanityIos@757acd7b]" name="checkHomeScreen" is-config="true" duration-ms="164" started-at="2017-10-23T14:21:27Z" finished-at="2017-10-23T14:21:27Z">
          <reporter-output>
          </reporter-output>
        </test-method> <!-- checkHomeScreen -->
        <test-method status="SKIP" signature="Grid_AdvancedColumns()[pri:0, instance:Native.SanityIos@757acd7b]" name="Grid_AdvancedColumns" duration-ms="1" started-at="2017-10-23T14:21:27Z" description="Grid_AdvancedColumns" finished-at="2017-10-23T14:21:27Z">
          <reporter-output>
          </reporter-output>
        </test-method> <!-- Grid_AdvancedColumns -->
        <test-method status="PASS" signature="checkHomeScreen()[pri:0, instance:Native.SanityIos@757acd7b]" name="checkHomeScreen" is-config="true" duration-ms="173" started-at="2017-10-23T14:21:27Z" finished-at="2017-10-23T14:21:27Z">
          <reporter-output>
          </reporter-output>
        </test-method> <!-- checkHomeScreen -->
        <test-method status="SKIP" signature="List_Regular_AdvancedColumns()[pri:0, instance:Native.SanityIos@757acd7b]" name="List_Regular_AdvancedColumns" duration-ms="1" started-at="2017-10-23T14:21:27Z" finished-at="2017-10-23T14:21:27Z">
          <reporter-output>
          </reporter-output>
        </test-method> <!-- List_Regular_AdvancedColumns -->
        <test-method status="PASS" signature="checkHomeScreen()[pri:0, instance:Native.SanityIos@757acd7b]" name="checkHomeScreen" is-config="true" duration-ms="159" started-at="2017-10-23T14:21:27Z" finished-at="2017-10-23T14:21:27Z">
          <reporter-output>
          </reporter-output>
        </test-method> <!-- checkHomeScreen -->
        <test-method status="SKIP" signature="environmentsScreen()[pri:0, instance:Native.SanityIos@757acd7b]" name="environmentsScreen" duration-ms="1" started-at="2017-10-23T14:21:27Z" description="environmentsScreen" finished-at="2017-10-23T14:21:27Z">
          <reporter-output>
          </reporter-output>
        </test-method> <!-- environmentsScreen -->
        <test-method status="PASS" signature="checkHomeScreen()[pri:0, instance:Native.SanityIos@757acd7b]" name="checkHomeScreen" is-config="true" duration-ms="175" started-at="2017-10-23T14:21:27Z" finished-at="2017-10-23T14:21:27Z">
          <reporter-output>
          </reporter-output>
        </test-method> <!-- checkHomeScreen -->
        <test-method status="SKIP" signature="logins_BadCredentials()[pri:0, instance:Native.SanityIos@757acd7b]" name="logins_BadCredentials" duration-ms="1" started-at="2017-10-23T14:21:27Z" description="Bad Credentials" finished-at="2017-10-23T14:21:27Z">
          <reporter-output>
          </reporter-output>
        </test-method> <!-- logins_BadCredentials -->
        <test-method status="PASS" signature="checkHomeScreen()[pri:0, instance:Native.SanityIos@757acd7b]" name="checkHomeScreen" is-config="true" duration-ms="150" started-at="2017-10-23T14:21:27Z" finished-at="2017-10-23T14:21:27Z">
          <reporter-output>
          </reporter-output>
        </test-method> <!-- checkHomeScreen -->
        <test-method status="SKIP" signature="param_Report_AllDataTypes()[pri:0, instance:Native.SanityIos@757acd7b]" name="param_Report_AllDataTypes" duration-ms="1" started-at="2017-10-23T14:21:27Z" finished-at="2017-10-23T14:21:27Z">
          <reporter-output>
          </reporter-output>
        </test-method> <!-- param_Report_AllDataTypes -->
        <test-method status="FAIL" signature="tearDown()[pri:0, instance:Native.SanityIos@757acd7b]" name="tearDown" is-config="true" duration-ms="0" started-at="2017-10-23T14:21:27Z" finished-at="2017-10-23T14:21:27Z">
          <exception class="java.lang.NullPointerException">
            <full-stacktrace>
              <![CDATA[java.lang.NullPointerException
	at Native.SanityIos.tearDown(SanityIos.java:610)
	at sun.reflect.NativeMethodAccessorImpl.invoke0(Native Method)
	at sun.reflect.NativeMethodAccessorImpl.invoke(NativeMethodAccessorImpl.java:62)
	at sun.reflect.DelegatingMethodAccessorImpl.invoke(DelegatingMethodAccessorImpl.java:43)
	at java.lang.reflect.Method.invoke(Method.java:498)
	at org.testng.internal.MethodInvocationHelper.invokeMethod(MethodInvocationHelper.java:85)
	at org.testng.internal.Invoker.invokeConfigurationMethod(Invoker.java:510)
	at org.testng.internal.Invoker.invokeConfigurations(Invoker.java:211)
	at org.testng.internal.Invoker.invokeConfigurations(Invoker.java:138)
	at org.testng.SuiteRunner.privateRun(SuiteRunner.java:329)
	at org.testng.SuiteRunner.run(SuiteRunner.java:261)
	at org.testng.SuiteRunnerWorker.runSuite(SuiteRunnerWorker.java:52)
	at org.testng.SuiteRunnerWorker.run(SuiteRunnerWorker.java:86)
	at org.testng.TestNG.runSuitesSequentially(TestNG.java:1215)
	at org.testng.TestNG.runSuitesLocally(TestNG.java:1140)
	at org.testng.TestNG.run(TestNG.java:1048)
	at org.testng.remote.AbstractRemoteTestNG.run(AbstractRemoteTestNG.java:114)
	at org.testng.remote.RemoteTestNG.initAndRun(RemoteTestNG.java:251)
	at org.testng.remote.RemoteTestNG.main(RemoteTestNG.java:77)
]]>
            </full-stacktrace>
          </exception> <!-- java.lang.NullPointerException -->
          <reporter-output>
          </reporter-output>
        </test-method> <!-- tearDown -->
      </class> <!-- Native.SanityIos -->
    </test> <!-- Sanity Tests -->
  </suite> <!-- Suite -->
</testng-results>
